   7.5589039543156931     
           5  0.80598698730873541     
   0.0000000000000000     
   1.8897259885789233     
   3.7794519771578465     
   5.6691779657367700     
   7.5589039543156931     
           4   8.0598698730873539E-002
   1.0000000000000000        1.0000000000000000     
   1.0000000000000000       -1.0000000000000000     
   16.000000000000000        1.0000000000000000     
   16.000000000000000       -1.0000000000000000     
           1
 Si   1.0000000000000000     
           1
   4.6334599784542736E-007   1.2388953500574563E-006
   6.9078974870049725E-003   1.3896163488327907E-002
  0.50906734817147548       0.57432174060232377     
  0.53254953736071731       0.15207432242390995     
   5.6778492886114869E-002   6.6890050053942593E-002
   5.3410669652286955E-002   7.7816277741733317E-002
   5.3410669652286968E-002   7.7816277741733345E-002
   2.6013025131399761E-002   3.7251386181106107E-002
   3.0908312852737378E-004   6.6748852611243079E-004
